<?xml version="1.0" encoding="UTF-8"?>
<!-- Generated by org.testng.reporters.JUnitXMLReporter -->
<testsuite ignored="0" hostname="Vibez" failures="1" tests="1" name="Techfios Test" time="0.041" errors="0" timestamp="2023-07-14T23:16:20 CDT">
  <testcase classname="testcases.Test1" name="LoginTest" time="0.0">
    <failure type="org.testng.TestNGException" message="
Method public static void testcases.Test1.LoginTest() throws java.lang.InterruptedException requires a @DataProvider named : testData in class utilities.ReadExcel">
      <![CDATA[org.testng.TestNGException: 
Method public static void testcases.Test1.LoginTest() throws java.lang.InterruptedException requires a @DataProvider named : testData in class utilities.ReadExcel
at java.base/java.util.ArrayList.forEach(ArrayList.java:1511)
... Removed 24 stack frames]]>
    </failure>
  </testcase> <!-- LoginTest -->
</testsuite> <!-- Techfios Test -->
